0 info it worked if it ends with ok
1 verbose cli [ '/usr/bin/node', '/usr/bin/npm', 'i', '@uirouter/angularjs' ]
2 info using npm@3.5.2
3 info using node@v8.10.0
4 silly loadCurrentTree Starting
5 silly install loadCurrentTree
6 silly install readLocalPackageData
7 silly fetchPackageMetaData @uirouter/angularjs
8 silly fetchNamedPackageData @uirouter/angularjs
9 silly mapToRegistry name @uirouter/angularjs
10 silly mapToRegistry scope (from package name) @uirouter
11 verbose mapToRegistry no registry URL found in name for scope @uirouter
12 silly mapToRegistry using default registry
13 silly mapToRegistry registry https://registry.npmjs.org/
14 silly mapToRegistry uri https://registry.npmjs.org/@uirouter%2fangularjs
15 verbose request uri https://registry.npmjs.org/@uirouter%2fangularjs
16 verbose request no auth needed
17 info attempt registry request try #1 at 17:54:21
18 verbose request id c1b56ddf1102293a
19 http request GET https://registry.npmjs.org/@uirouter%2fangularjs
20 http 200 https://registry.npmjs.org/@uirouter%2fangularjs
21 verbose headers { date: 'Mon, 03 Jun 2019 12:24:21 GMT',
21 verbose headers   'content-type': 'application/json',
21 verbose headers   'transfer-encoding': 'chunked',
21 verbose headers   connection: 'keep-alive',
21 verbose headers   'set-cookie':
21 verbose headers    [ '__cfduid=d13ce141c9887a53576837c9ef4d8966c1559564661; expires=Tue, 02-Jun-20 12:24:21 GMT; path=/; domain=.registry.npmjs.org; HttpOnly' ],
21 verbose headers   'cf-cache-status': 'HIT',
21 verbose headers   'cache-control': 'public, max-age=300',
21 verbose headers   'cf-ray': '4e11a4bfff518a77-BOM',
21 verbose headers   etag: 'W/"c661e7e98b20b5550e3fb1b2b151dd4f"',
21 verbose headers   'expect-ct': 'max-age=604800, report-uri="https://report-uri.cloudflare.com/cdn-cgi/beacon/expect-ct"',
21 verbose headers   'last-modified': 'Tue, 29 Jan 2019 19:16:25 GMT',
21 verbose headers   vary: 'Accept-Encoding',
21 verbose headers   'x-amz-meta-rev': '47-9e00e58554f46536702b5d2e26697a8d',
21 verbose headers   server: 'cloudflare',
21 verbose headers   'content-encoding': 'gzip' }
22 silly get cb [ 200,
22 silly get   { date: 'Mon, 03 Jun 2019 12:24:21 GMT',
22 silly get     'content-type': 'application/json',
22 silly get     'transfer-encoding': 'chunked',
22 silly get     connection: 'keep-alive',
22 silly get     'set-cookie':
22 silly get      [ '__cfduid=d13ce141c9887a53576837c9ef4d8966c1559564661; expires=Tue, 02-Jun-20 12:24:21 GMT; path=/; domain=.registry.npmjs.org; HttpOnly' ],
22 silly get     'cf-cache-status': 'HIT',
22 silly get     'cache-control': 'public, max-age=300',
22 silly get     'cf-ray': '4e11a4bfff518a77-BOM',
22 silly get     etag: 'W/"c661e7e98b20b5550e3fb1b2b151dd4f"',
22 silly get     'expect-ct': 'max-age=604800, report-uri="https://report-uri.cloudflare.com/cdn-cgi/beacon/expect-ct"',
22 silly get     'last-modified': 'Tue, 29 Jan 2019 19:16:25 GMT',
22 silly get     vary: 'Accept-Encoding',
22 silly get     'x-amz-meta-rev': '47-9e00e58554f46536702b5d2e26697a8d',
22 silly get     server: 'cloudflare',
22 silly get     'content-encoding': 'gzip' } ]
23 verbose get saving @uirouter/angularjs to /home/admin1/.npm/registry.npmjs.org/_40uirouter_252fangularjs/.cache.json
24 silly install normalizeTree
25 silly loadCurrentTree Finishing
26 silly loadIdealTree Starting
27 silly install loadIdealTree
28 silly cloneCurrentTree Starting
29 silly install cloneCurrentTreeToIdealTree
30 silly cloneCurrentTree Finishing
31 silly loadShrinkwrap Starting
32 silly install loadShrinkwrap
33 silly loadShrinkwrap Finishing
34 silly loadAllDepsIntoIdealTree Starting
35 silly install loadAllDepsIntoIdealTree
36 silly resolveWithNewModule @uirouter/angularjs@1.0.22 checking installable status
37 silly cache add args [ '@uirouter/angularjs', null ]
38 verbose cache add spec @uirouter/angularjs
39 silly cache add parsed spec Result {
39 silly cache add   raw: '@uirouter/angularjs',
39 silly cache add   scope: '@uirouter',
39 silly cache add   name: '@uirouter/angularjs',
39 silly cache add   rawSpec: '',
39 silly cache add   spec: 'latest',
39 silly cache add   type: 'tag' }
40 silly addNamed @uirouter/angularjs@latest
41 verbose addNamed "latest" is being treated as a dist-tag for @uirouter/angularjs
42 info addNameTag [ '@uirouter/angularjs', 'latest' ]
43 silly mapToRegistry name @uirouter/angularjs
44 silly mapToRegistry scope (from package name) @uirouter
45 verbose mapToRegistry no registry URL found in name for scope @uirouter
46 silly mapToRegistry using default registry
47 silly mapToRegistry registry https://registry.npmjs.org/
48 silly mapToRegistry uri https://registry.npmjs.org/@uirouter%2fangularjs
49 verbose addNameTag registry:https://registry.npmjs.org/@uirouter%2fangularjs not in flight; fetching
50 verbose get https://registry.npmjs.org/@uirouter%2fangularjs not expired, no request
51 silly addNameTag next cb for @uirouter/angularjs with tag latest
52 silly addNamed @uirouter/angularjs@1.0.22
53 verbose addNamed "1.0.22" is a plain semver version for @uirouter/angularjs
54 silly mapToRegistry name @uirouter/angularjs
55 silly mapToRegistry scope (from package name) @uirouter
56 verbose mapToRegistry no registry URL found in name for scope @uirouter
57 silly mapToRegistry using default registry
58 silly mapToRegistry registry https://registry.npmjs.org/
59 silly mapToRegistry uri https://registry.npmjs.org/@uirouter%2fangularjs
60 verbose addRemoteTarball https://registry.npmjs.org/@uirouter/angularjs/-/angularjs-1.0.22.tgz not in flight; adding
61 verbose addRemoteTarball [ 'https://registry.npmjs.org/@uirouter/angularjs/-/angularjs-1.0.22.tgz',
61 verbose addRemoteTarball   '581ab38794a2d7c2790851087072c4066b2b6c46' ]
62 info retry fetch attempt 1 at 17:54:21
63 info attempt registry request try #1 at 17:54:21
64 http fetch GET https://registry.npmjs.org/@uirouter/angularjs/-/angularjs-1.0.22.tgz
65 http fetch 200 https://registry.npmjs.org/@uirouter/angularjs/-/angularjs-1.0.22.tgz
66 silly fetchAndShaCheck shasum 581ab38794a2d7c2790851087072c4066b2b6c46
67 verbose addTmpTarball /tmp/npm-21158-0a331a39/registry.npmjs.org/_40uirouter/angularjs/-/angularjs-1.0.22.tgz not in flight; adding
68 verbose addTmpTarball already have metadata; skipping unpack for @uirouter/angularjs@1.0.22
69 silly cache afterAdd @uirouter/angularjs@1.0.22
70 verbose afterAdd /home/admin1/.npm/@uirouter/angularjs/1.0.22/package/package.json not in flight; writing
71 verbose afterAdd /home/admin1/.npm/@uirouter/angularjs/1.0.22/package/package.json written
72 silly fetchNamedPackageData @uirouter/core
73 silly mapToRegistry name @uirouter/core
74 silly mapToRegistry scope (from package name) @uirouter
75 verbose mapToRegistry no registry URL found in name for scope @uirouter
76 silly mapToRegistry using default registry
77 silly mapToRegistry registry https://registry.npmjs.org/
78 silly mapToRegistry uri https://registry.npmjs.org/@uirouter%2fcore
79 verbose request uri https://registry.npmjs.org/@uirouter%2fcore
80 verbose request no auth needed
81 info attempt registry request try #1 at 17:54:23
82 http request GET https://registry.npmjs.org/@uirouter%2fcore
83 http 200 https://registry.npmjs.org/@uirouter%2fcore
84 verbose headers { date: 'Mon, 03 Jun 2019 12:24:25 GMT',
84 verbose headers   'content-type': 'application/json',
84 verbose headers   'transfer-encoding': 'chunked',
84 verbose headers   connection: 'keep-alive',
84 verbose headers   'set-cookie':
84 verbose headers    [ '__cfduid=dcd74aa317fd5ee67bed9dd40296d45601559564663; expires=Tue, 02-Jun-20 12:24:23 GMT; path=/; domain=.registry.npmjs.org; HttpOnly' ],
84 verbose headers   'cf-cache-status': 'REVALIDATED',
84 verbose headers   'cache-control': 'public, max-age=300',
84 verbose headers   'cf-ray': '4e11a4c84f008a77-BOM',
84 verbose headers   etag: 'W/"d69405477ab5a464f301f695e1274b07"',
84 verbose headers   'expect-ct': 'max-age=604800, report-uri="https://report-uri.cloudflare.com/cdn-cgi/beacon/expect-ct"',
84 verbose headers   'last-modified': 'Mon, 28 Jan 2019 22:58:45 GMT',
84 verbose headers   vary: 'Accept-Encoding',
84 verbose headers   'x-amz-meta-rev': '25-ef87b26fced5948b551f4ce31869d088',
84 verbose headers   server: 'cloudflare',
84 verbose headers   'content-encoding': 'gzip' }
85 silly get cb [ 200,
85 silly get   { date: 'Mon, 03 Jun 2019 12:24:25 GMT',
85 silly get     'content-type': 'application/json',
85 silly get     'transfer-encoding': 'chunked',
85 silly get     connection: 'keep-alive',
85 silly get     'set-cookie':
85 silly get      [ '__cfduid=dcd74aa317fd5ee67bed9dd40296d45601559564663; expires=Tue, 02-Jun-20 12:24:23 GMT; path=/; domain=.registry.npmjs.org; HttpOnly' ],
85 silly get     'cf-cache-status': 'REVALIDATED',
85 silly get     'cache-control': 'public, max-age=300',
85 silly get     'cf-ray': '4e11a4c84f008a77-BOM',
85 silly get     etag: 'W/"d69405477ab5a464f301f695e1274b07"',
85 silly get     'expect-ct': 'max-age=604800, report-uri="https://report-uri.cloudflare.com/cdn-cgi/beacon/expect-ct"',
85 silly get     'last-modified': 'Mon, 28 Jan 2019 22:58:45 GMT',
85 silly get     vary: 'Accept-Encoding',
85 silly get     'x-amz-meta-rev': '25-ef87b26fced5948b551f4ce31869d088',
85 silly get     server: 'cloudflare',
85 silly get     'content-encoding': 'gzip' } ]
86 verbose get saving @uirouter/core to /home/admin1/.npm/registry.npmjs.org/_40uirouter_252fcore/.cache.json
87 silly resolveWithNewModule @uirouter/core@5.0.23 checking installable status
88 silly cache add args [ '@uirouter/core@5.0.23', null ]
89 verbose cache add spec @uirouter/core@5.0.23
90 silly cache add parsed spec Result {
90 silly cache add   raw: '@uirouter/core@5.0.23',
90 silly cache add   scope: '@uirouter',
90 silly cache add   name: '@uirouter/core',
90 silly cache add   rawSpec: '5.0.23',
90 silly cache add   spec: '5.0.23',
90 silly cache add   type: 'version' }
91 silly addNamed @uirouter/core@5.0.23
92 verbose addNamed "5.0.23" is a plain semver version for @uirouter/core
93 silly mapToRegistry name @uirouter/core
94 silly mapToRegistry scope (from package name) @uirouter
95 verbose mapToRegistry no registry URL found in name for scope @uirouter
96 silly mapToRegistry using default registry
97 silly mapToRegistry registry https://registry.npmjs.org/
98 silly mapToRegistry uri https://registry.npmjs.org/@uirouter%2fcore
99 verbose addNameVersion registry:https://registry.npmjs.org/@uirouter%2fcore not in flight; fetching
100 verbose get https://registry.npmjs.org/@uirouter%2fcore not expired, no request
101 silly mapToRegistry name @uirouter/core
102 silly mapToRegistry scope (from package name) @uirouter
103 verbose mapToRegistry no registry URL found in name for scope @uirouter
104 silly mapToRegistry using default registry
105 silly mapToRegistry registry https://registry.npmjs.org/
106 silly mapToRegistry uri https://registry.npmjs.org/@uirouter%2fcore
107 verbose addRemoteTarball https://registry.npmjs.org/@uirouter/core/-/core-5.0.23.tgz not in flight; adding
108 verbose addRemoteTarball [ 'https://registry.npmjs.org/@uirouter/core/-/core-5.0.23.tgz',
108 verbose addRemoteTarball   '363b4bea635a1b48900dc7e65793a65a3b58a79e' ]
109 info retry fetch attempt 1 at 17:54:25
110 info attempt registry request try #1 at 17:54:25
111 http fetch GET https://registry.npmjs.org/@uirouter/core/-/core-5.0.23.tgz
112 http fetch 200 https://registry.npmjs.org/@uirouter/core/-/core-5.0.23.tgz
113 silly fetchAndShaCheck shasum 363b4bea635a1b48900dc7e65793a65a3b58a79e
114 verbose addTmpTarball /tmp/npm-21158-0a331a39/registry.npmjs.org/_40uirouter/core/-/core-5.0.23.tgz not in flight; adding
115 verbose addTmpTarball already have metadata; skipping unpack for @uirouter/core@5.0.23
116 silly cache afterAdd @uirouter/core@5.0.23
117 verbose afterAdd /home/admin1/.npm/@uirouter/core/5.0.23/package/package.json not in flight; writing
118 verbose afterAdd /home/admin1/.npm/@uirouter/core/5.0.23/package/package.json written
119 silly loadAllDepsIntoIdealTree Finishing
120 silly idealTree:prePrune chatap@1.0.0
120 silly idealTree:prePrune ├── @uirouter/angularjs@1.0.22
120 silly idealTree:prePrune ├── @uirouter/core@5.0.23
120 silly idealTree:prePrune └── angular@1.7.8
121 silly loadIdealTree Finishing
122 silly currentTree chatap@1.0.0
122 silly currentTree └── angular@1.7.8
123 silly idealTree chatap@1.0.0
123 silly idealTree ├── @uirouter/angularjs@1.0.22
123 silly idealTree ├── @uirouter/core@5.0.23
123 silly idealTree └── angular@1.7.8
124 silly generateActionsToTake Starting
125 silly install generateActionsToTake
126 warn checkPermissions Missing write access to /home/admin1/chatapplication/node_modules
127 silly rollbackFailedOptional Starting
128 silly rollbackFailedOptional Finishing
129 silly runTopLevelLifecycles Starting
130 silly runTopLevelLifecycles Finishing
131 silly install printInstalled
132 warn chatap@1.0.0 No description
133 warn chatap@1.0.0 No repository field.
134 verbose stack Error: EACCES: permission denied, access '/home/admin1/chatapplication/node_modules'
135 verbose cwd /home/admin1/chatapplication/client
136 error Linux 4.15.0-50-generic
137 error argv "/usr/bin/node" "/usr/bin/npm" "i" "@uirouter/angularjs"
138 error node v8.10.0
139 error npm  v3.5.2
140 error path /home/admin1/chatapplication/node_modules
141 error code EACCES
142 error errno -13
143 error syscall access
144 error Error: EACCES: permission denied, access '/home/admin1/chatapplication/node_modules'
144 error  { Error: EACCES: permission denied, access '/home/admin1/chatapplication/node_modules'
144 error   errno: -13,
144 error   code: 'EACCES',
144 error   syscall: 'access',
144 error   path: '/home/admin1/chatapplication/node_modules' }
145 error Please try running this command again as root/Administrator.
146 verbose exit [ -13, true ]
